<?xml version="1.0" encoding="UTF-8"?>
<!-- Generated by org.testng.reporters.JUnitXMLReporter -->
<testsuite hostname="Mandy" ignored="0" name="Test" tests="2" failures="1" timestamp="12 Aug 2018 13:15:30 GMT" time="27.991" errors="0">
  <testcase name="enter_wrong_email" time="1.085" classname="com.testng.LoginTest"/>
  <testcase name="enter_wrong_password" time="4.857" classname="com.testng.LoginTest">
    <failure type="java.lang.AssertionError" message="expected [Password Error] but found [Wrong password. Try again or click Forgot password to reset it.]">
      <![CDATA[java.lang.AssertionError: expected [Password Error] but found [Wrong password. Try again or click Forgot password to reset it.]
at com.testng.LoginTest.enter_wrong_password(LoginTest.java:51)
... Removed 30 stack frames]]>
    </failure>
  </testcase> <!-- enter_wrong_password -->
</testsuite> <!-- Test -->
