<?xml version="1.0" encoding="UTF-8"?>
<testng-results skipped="0" failed="0" ignored="0" total="2" passed="2">
  <reporter-output>
  </reporter-output>
  <suite name="Suite" duration-ms="28297" started-at="2018-08-12T14:56:19Z" finished-at="2018-08-12T14:56:47Z">
    <groups>
    </groups>
    <test name="Test" duration-ms="28297" started-at="2018-08-12T14:56:19Z" finished-at="2018-08-12T14:56:47Z">
      <class name="com.testng.LoginTest">
        <test-method status="PASS" signature="Browser()[pri:0, instance:com.testng.LoginTest@19d37183]" name="Browser" is-config="true" duration-ms="8071" started-at="2018-08-12T14:56:19Z" finished-at="2018-08-12T14:56:27Z">
          <reporter-output>
          </reporter-output>
        </test-method> <!-- Browser -->
        <test-method status="PASS" signature="enter_wrong_email()[pri:0, instance:com.testng.LoginTest@19d37183]" name="enter_wrong_email" duration-ms="4160" started-at="2018-08-12T14:56:27Z" finished-at="2018-08-12T14:56:31Z">
          <reporter-output>
          </reporter-output>
        </test-method> <!-- enter_wrong_email -->
        <test-method status="PASS" signature="close_Browser()[pri:0, instance:com.testng.LoginTest@19d37183]" name="close_Browser" is-config="true" duration-ms="1410" started-at="2018-08-12T14:56:31Z" finished-at="2018-08-12T14:56:33Z">
          <reporter-output>
          </reporter-output>
        </test-method> <!-- close_Browser -->
        <test-method status="PASS" signature="Browser()[pri:0, instance:com.testng.LoginTest@19d37183]" name="Browser" is-config="true" duration-ms="6142" started-at="2018-08-12T14:56:33Z" finished-at="2018-08-12T14:56:39Z">
          <reporter-output>
          </reporter-output>
        </test-method> <!-- Browser -->
        <test-method status="PASS" signature="enter_wrong_password()[pri:0, instance:com.testng.LoginTest@19d37183]" name="enter_wrong_password" duration-ms="7324" started-at="2018-08-12T14:56:39Z" finished-at="2018-08-12T14:56:46Z">
          <reporter-output>
          </reporter-output>
        </test-method> <!-- enter_wrong_password -->
        <test-method status="PASS" signature="close_Browser()[pri:0, instance:com.testng.LoginTest@19d37183]" name="close_Browser" is-config="true" duration-ms="1159" started-at="2018-08-12T14:56:46Z" finished-at="2018-08-12T14:56:47Z">
          <reporter-output>
          </reporter-output>
        </test-method> <!-- close_Browser -->
      </class> <!-- com.testng.LoginTest -->
    </test> <!-- Test -->
  </suite> <!-- Suite -->
</testng-results>
